ARM GAS  C:\Temp\ccbz4Dsw.s 			page 1


   1              		.cpu cortex-m4
   2              		.arch armv7e-m
   3              		.fpu fpv4-sp-d16
   4              		.eabi_attribute 27, 1
   5              		.eabi_attribute 28, 1
   6              		.eabi_attribute 20, 1
   7              		.eabi_attribute 21, 1
   8              		.eabi_attribute 23, 3
   9              		.eabi_attribute 24, 1
  10              		.eabi_attribute 25, 1
  11              		.eabi_attribute 26, 1
  12              		.eabi_attribute 30, 1
  13              		.eabi_attribute 34, 1
  14              		.eabi_attribute 18, 4
  15              		.file	"stm32f4xx_it.c"
  16              		.text
  17              	.Ltext0:
  18              		.cfi_sections	.debug_frame
  19              		.file 1 "Core/Src/stm32f4xx_it.c"
  20              		.section	.text.NMI_Handler,"ax",%progbits
  21              		.align	1
  22              		.global	NMI_Handler
  23              		.syntax unified
  24              		.thumb
  25              		.thumb_func
  27              	NMI_Handler:
  28              	.LFB235:
   1:Core/Src/stm32f4xx_it.c **** /* USER CODE BEGIN Header */
   2:Core/Src/stm32f4xx_it.c **** /**
   3:Core/Src/stm32f4xx_it.c ****   ******************************************************************************
   4:Core/Src/stm32f4xx_it.c ****   * @file    stm32f4xx_it.c
   5:Core/Src/stm32f4xx_it.c ****   * @brief   Interrupt Service Routines.
   6:Core/Src/stm32f4xx_it.c ****   ******************************************************************************
   7:Core/Src/stm32f4xx_it.c ****   * @attention
   8:Core/Src/stm32f4xx_it.c ****   *
   9:Core/Src/stm32f4xx_it.c ****   * Copyright (c) 2023 STMicroelectronics.
  10:Core/Src/stm32f4xx_it.c ****   * All rights reserved.
  11:Core/Src/stm32f4xx_it.c ****   *
  12:Core/Src/stm32f4xx_it.c ****   * This software is licensed under terms that can be found in the LICENSE file
  13:Core/Src/stm32f4xx_it.c ****   * in the root directory of this software component.
  14:Core/Src/stm32f4xx_it.c ****   * If no LICENSE file comes with this software, it is provided AS-IS.
  15:Core/Src/stm32f4xx_it.c ****   *
  16:Core/Src/stm32f4xx_it.c ****   ******************************************************************************
  17:Core/Src/stm32f4xx_it.c ****   */
  18:Core/Src/stm32f4xx_it.c **** /* USER CODE END Header */
  19:Core/Src/stm32f4xx_it.c **** 
  20:Core/Src/stm32f4xx_it.c **** /* Includes ------------------------------------------------------------------*/
  21:Core/Src/stm32f4xx_it.c **** #include "main.h"
  22:Core/Src/stm32f4xx_it.c **** #include "stm32f4xx_it.h"
  23:Core/Src/stm32f4xx_it.c **** /* Private includes ----------------------------------------------------------*/
  24:Core/Src/stm32f4xx_it.c **** /* USER CODE BEGIN Includes */
  25:Core/Src/stm32f4xx_it.c **** // #include "main.c"
  26:Core/Src/stm32f4xx_it.c **** /* USER CODE END Includes */
  27:Core/Src/stm32f4xx_it.c **** 
  28:Core/Src/stm32f4xx_it.c **** /* Private typedef -----------------------------------------------------------*/
  29:Core/Src/stm32f4xx_it.c **** /* USER CODE BEGIN TD */
  30:Core/Src/stm32f4xx_it.c **** 
ARM GAS  C:\Temp\ccbz4Dsw.s 			page 2


  31:Core/Src/stm32f4xx_it.c **** /* USER CODE END TD */
  32:Core/Src/stm32f4xx_it.c **** 
  33:Core/Src/stm32f4xx_it.c **** /* Private define ------------------------------------------------------------*/
  34:Core/Src/stm32f4xx_it.c **** /* USER CODE BEGIN PD */
  35:Core/Src/stm32f4xx_it.c **** 
  36:Core/Src/stm32f4xx_it.c **** /* USER CODE END PD */
  37:Core/Src/stm32f4xx_it.c **** 
  38:Core/Src/stm32f4xx_it.c **** /* Private macro -------------------------------------------------------------*/
  39:Core/Src/stm32f4xx_it.c **** /* USER CODE BEGIN PM */
  40:Core/Src/stm32f4xx_it.c **** 
  41:Core/Src/stm32f4xx_it.c **** /* USER CODE END PM */
  42:Core/Src/stm32f4xx_it.c **** 
  43:Core/Src/stm32f4xx_it.c **** /* Private variables ---------------------------------------------------------*/
  44:Core/Src/stm32f4xx_it.c **** /* USER CODE BEGIN PV */
  45:Core/Src/stm32f4xx_it.c **** 
  46:Core/Src/stm32f4xx_it.c **** /* USER CODE END PV */
  47:Core/Src/stm32f4xx_it.c **** 
  48:Core/Src/stm32f4xx_it.c **** /* Private function prototypes -----------------------------------------------*/
  49:Core/Src/stm32f4xx_it.c **** /* USER CODE BEGIN PFP */
  50:Core/Src/stm32f4xx_it.c **** 
  51:Core/Src/stm32f4xx_it.c **** /* USER CODE END PFP */
  52:Core/Src/stm32f4xx_it.c **** 
  53:Core/Src/stm32f4xx_it.c **** /* Private user code ---------------------------------------------------------*/
  54:Core/Src/stm32f4xx_it.c **** /* USER CODE BEGIN 0 */
  55:Core/Src/stm32f4xx_it.c **** 
  56:Core/Src/stm32f4xx_it.c **** /* USER CODE END 0 */
  57:Core/Src/stm32f4xx_it.c **** 
  58:Core/Src/stm32f4xx_it.c **** /* External variables --------------------------------------------------------*/
  59:Core/Src/stm32f4xx_it.c **** extern DMA_HandleTypeDef hdma_adc1;
  60:Core/Src/stm32f4xx_it.c **** extern DMA_HandleTypeDef hdma_i2c1_rx;
  61:Core/Src/stm32f4xx_it.c **** extern DMA_HandleTypeDef hdma_tim2_up_ch3;
  62:Core/Src/stm32f4xx_it.c **** extern DMA_HandleTypeDef hdma_tim3_ch3;
  63:Core/Src/stm32f4xx_it.c **** extern DMA_HandleTypeDef hdma_tim3_ch4_up;
  64:Core/Src/stm32f4xx_it.c **** extern TIM_HandleTypeDef htim2;
  65:Core/Src/stm32f4xx_it.c **** extern TIM_HandleTypeDef htim4;
  66:Core/Src/stm32f4xx_it.c **** extern TIM_HandleTypeDef htim5;
  67:Core/Src/stm32f4xx_it.c **** extern TIM_HandleTypeDef htim6;
  68:Core/Src/stm32f4xx_it.c **** extern TIM_HandleTypeDef htim7;
  69:Core/Src/stm32f4xx_it.c **** extern UART_HandleTypeDef huart4;
  70:Core/Src/stm32f4xx_it.c **** /* USER CODE BEGIN EV */
  71:Core/Src/stm32f4xx_it.c **** 
  72:Core/Src/stm32f4xx_it.c **** /* USER CODE END EV */
  73:Core/Src/stm32f4xx_it.c **** 
  74:Core/Src/stm32f4xx_it.c **** /******************************************************************************/
  75:Core/Src/stm32f4xx_it.c **** /*           Cortex-M4 Processor Interruption and Exception Handlers          */
  76:Core/Src/stm32f4xx_it.c **** /******************************************************************************/
  77:Core/Src/stm32f4xx_it.c **** /**
  78:Core/Src/stm32f4xx_it.c ****   * @brief This function handles Non maskable interrupt.
  79:Core/Src/stm32f4xx_it.c ****   */
  80:Core/Src/stm32f4xx_it.c **** void NMI_Handler(void)
  81:Core/Src/stm32f4xx_it.c **** {
  29              		.loc 1 81 1 view -0
  30              		.cfi_startproc
  31              		@ Volatile: function does not return.
  32              		@ args = 0, pretend = 0, frame = 0
  33              		@ frame_needed = 0, uses_anonymous_args = 0
  34              		@ link register save eliminated.
ARM GAS  C:\Temp\ccbz4Dsw.s 			page 3


  35              	.L2:
  82:Core/Src/stm32f4xx_it.c ****   /* USER CODE BEGIN NonMaskableInt_IRQn 0 */
  83:Core/Src/stm32f4xx_it.c **** 
  84:Core/Src/stm32f4xx_it.c ****   /* USER CODE END NonMaskableInt_IRQn 0 */
  85:Core/Src/stm32f4xx_it.c ****   /* USER CODE BEGIN NonMaskableInt_IRQn 1 */
  86:Core/Src/stm32f4xx_it.c ****   while (1)
  36              		.loc 1 86 3 discriminator 1 view .LVU1
  87:Core/Src/stm32f4xx_it.c ****   {
  88:Core/Src/stm32f4xx_it.c ****   }
  37              		.loc 1 88 3 discriminator 1 view .LVU2
  86:Core/Src/stm32f4xx_it.c ****   {
  38              		.loc 1 86 9 discriminator 1 view .LVU3
  39 0000 FEE7     		b	.L2
  40              		.cfi_endproc
  41              	.LFE235:
  43              		.section	.text.HardFault_Handler,"ax",%progbits
  44              		.align	1
  45              		.global	HardFault_Handler
  46              		.syntax unified
  47              		.thumb
  48              		.thumb_func
  50              	HardFault_Handler:
  51              	.LFB236:
  89:Core/Src/stm32f4xx_it.c ****   /* USER CODE END NonMaskableInt_IRQn 1 */
  90:Core/Src/stm32f4xx_it.c **** }
  91:Core/Src/stm32f4xx_it.c **** 
  92:Core/Src/stm32f4xx_it.c **** /**
  93:Core/Src/stm32f4xx_it.c ****   * @brief This function handles Hard fault interrupt.
  94:Core/Src/stm32f4xx_it.c ****   */
  95:Core/Src/stm32f4xx_it.c **** void HardFault_Handler(void)
  96:Core/Src/stm32f4xx_it.c **** {
  52              		.loc 1 96 1 view -0
  53              		.cfi_startproc
  54              		@ Volatile: function does not return.
  55              		@ args = 0, pretend = 0, frame = 0
  56              		@ frame_needed = 0, uses_anonymous_args = 0
  57              		@ link register save eliminated.
  58              	.L4:
  97:Core/Src/stm32f4xx_it.c ****   /* USER CODE BEGIN HardFault_IRQn 0 */
  98:Core/Src/stm32f4xx_it.c **** 
  99:Core/Src/stm32f4xx_it.c ****   /* USER CODE END HardFault_IRQn 0 */
 100:Core/Src/stm32f4xx_it.c ****   while (1)
  59              		.loc 1 100 3 discriminator 1 view .LVU5
 101:Core/Src/stm32f4xx_it.c ****   {
 102:Core/Src/stm32f4xx_it.c ****     /* USER CODE BEGIN W1_HardFault_IRQn 0 */
 103:Core/Src/stm32f4xx_it.c ****     // display_char('E',0);
 104:Core/Src/stm32f4xx_it.c ****     // display_char('r',1);
 105:Core/Src/stm32f4xx_it.c ****     // display_char('r',2);
 106:Core/Src/stm32f4xx_it.c ****     /* USER CODE END W1_HardFault_IRQn 0 */
 107:Core/Src/stm32f4xx_it.c ****   }
  60              		.loc 1 107 3 discriminator 1 view .LVU6
 100:Core/Src/stm32f4xx_it.c ****   {
  61              		.loc 1 100 9 discriminator 1 view .LVU7
  62 0000 FEE7     		b	.L4
  63              		.cfi_endproc
  64              	.LFE236:
  66              		.section	.text.MemManage_Handler,"ax",%progbits
ARM GAS  C:\Temp\ccbz4Dsw.s 			page 4


  67              		.align	1
  68              		.global	MemManage_Handler
  69              		.syntax unified
  70              		.thumb
  71              		.thumb_func
  73              	MemManage_Handler:
  74              	.LFB237:
 108:Core/Src/stm32f4xx_it.c **** }
 109:Core/Src/stm32f4xx_it.c **** 
 110:Core/Src/stm32f4xx_it.c **** /**
 111:Core/Src/stm32f4xx_it.c ****   * @brief This function handles Memory management fault.
 112:Core/Src/stm32f4xx_it.c ****   */
 113:Core/Src/stm32f4xx_it.c **** void MemManage_Handler(void)
 114:Core/Src/stm32f4xx_it.c **** {
  75              		.loc 1 114 1 view -0
  76              		.cfi_startproc
  77              		@ Volatile: function does not return.
  78              		@ args = 0, pretend = 0, frame = 0
  79              		@ frame_needed = 0, uses_anonymous_args = 0
  80              		@ link register save eliminated.
  81              	.L6:
 115:Core/Src/stm32f4xx_it.c ****   /* USER CODE BEGIN MemoryManagement_IRQn 0 */
 116:Core/Src/stm32f4xx_it.c **** 
 117:Core/Src/stm32f4xx_it.c ****   /* USER CODE END MemoryManagement_IRQn 0 */
 118:Core/Src/stm32f4xx_it.c ****   while (1)
  82              		.loc 1 118 3 discriminator 1 view .LVU9
 119:Core/Src/stm32f4xx_it.c ****   {
 120:Core/Src/stm32f4xx_it.c ****     /* USER CODE BEGIN W1_MemoryManagement_IRQn 0 */
 121:Core/Src/stm32f4xx_it.c ****     /* USER CODE END W1_MemoryManagement_IRQn 0 */
 122:Core/Src/stm32f4xx_it.c ****   }
  83              		.loc 1 122 3 discriminator 1 view .LVU10
 118:Core/Src/stm32f4xx_it.c ****   {
  84              		.loc 1 118 9 discriminator 1 view .LVU11
  85 0000 FEE7     		b	.L6
  86              		.cfi_endproc
  87              	.LFE237:
  89              		.section	.text.BusFault_Handler,"ax",%progbits
  90              		.align	1
  91              		.global	BusFault_Handler
  92              		.syntax unified
  93              		.thumb
  94              		.thumb_func
  96              	BusFault_Handler:
  97              	.LFB238:
 123:Core/Src/stm32f4xx_it.c **** }
 124:Core/Src/stm32f4xx_it.c **** 
 125:Core/Src/stm32f4xx_it.c **** /**
 126:Core/Src/stm32f4xx_it.c ****   * @brief This function handles Pre-fetch fault, memory access fault.
 127:Core/Src/stm32f4xx_it.c ****   */
 128:Core/Src/stm32f4xx_it.c **** void BusFault_Handler(void)
 129:Core/Src/stm32f4xx_it.c **** {
  98              		.loc 1 129 1 view -0
  99              		.cfi_startproc
 100              		@ Volatile: function does not return.
 101              		@ args = 0, pretend = 0, frame = 0
 102              		@ frame_needed = 0, uses_anonymous_args = 0
 103              		@ link register save eliminated.
ARM GAS  C:\Temp\ccbz4Dsw.s 			page 5


 104              	.L8:
 130:Core/Src/stm32f4xx_it.c ****   /* USER CODE BEGIN BusFault_IRQn 0 */
 131:Core/Src/stm32f4xx_it.c **** 
 132:Core/Src/stm32f4xx_it.c ****   /* USER CODE END BusFault_IRQn 0 */
 133:Core/Src/stm32f4xx_it.c ****   while (1)
 105              		.loc 1 133 3 discriminator 1 view .LVU13
 134:Core/Src/stm32f4xx_it.c ****   {
 135:Core/Src/stm32f4xx_it.c ****     /* USER CODE BEGIN W1_BusFault_IRQn 0 */
 136:Core/Src/stm32f4xx_it.c ****     /* USER CODE END W1_BusFault_IRQn 0 */
 137:Core/Src/stm32f4xx_it.c ****   }
 106              		.loc 1 137 3 discriminator 1 view .LVU14
 133:Core/Src/stm32f4xx_it.c ****   {
 107              		.loc 1 133 9 discriminator 1 view .LVU15
 108 0000 FEE7     		b	.L8
 109              		.cfi_endproc
 110              	.LFE238:
 112              		.section	.text.UsageFault_Handler,"ax",%progbits
 113              		.align	1
 114              		.global	UsageFault_Handler
 115              		.syntax unified
 116              		.thumb
 117              		.thumb_func
 119              	UsageFault_Handler:
 120              	.LFB239:
 138:Core/Src/stm32f4xx_it.c **** }
 139:Core/Src/stm32f4xx_it.c **** 
 140:Core/Src/stm32f4xx_it.c **** /**
 141:Core/Src/stm32f4xx_it.c ****   * @brief This function handles Undefined instruction or illegal state.
 142:Core/Src/stm32f4xx_it.c ****   */
 143:Core/Src/stm32f4xx_it.c **** void UsageFault_Handler(void)
 144:Core/Src/stm32f4xx_it.c **** {
 121              		.loc 1 144 1 view -0
 122              		.cfi_startproc
 123              		@ Volatile: function does not return.
 124              		@ args = 0, pretend = 0, frame = 0
 125              		@ frame_needed = 0, uses_anonymous_args = 0
 126              		@ link register save eliminated.
 127              	.L10:
 145:Core/Src/stm32f4xx_it.c ****   /* USER CODE BEGIN UsageFault_IRQn 0 */
 146:Core/Src/stm32f4xx_it.c **** 
 147:Core/Src/stm32f4xx_it.c ****   /* USER CODE END UsageFault_IRQn 0 */
 148:Core/Src/stm32f4xx_it.c ****   while (1)
 128              		.loc 1 148 3 discriminator 1 view .LVU17
 149:Core/Src/stm32f4xx_it.c ****   {
 150:Core/Src/stm32f4xx_it.c ****     /* USER CODE BEGIN W1_UsageFault_IRQn 0 */
 151:Core/Src/stm32f4xx_it.c ****     /* USER CODE END W1_UsageFault_IRQn 0 */
 152:Core/Src/stm32f4xx_it.c ****   }
 129              		.loc 1 152 3 discriminator 1 view .LVU18
 148:Core/Src/stm32f4xx_it.c ****   {
 130              		.loc 1 148 9 discriminator 1 view .LVU19
 131 0000 FEE7     		b	.L10
 132              		.cfi_endproc
 133              	.LFE239:
 135              		.section	.text.SVC_Handler,"ax",%progbits
 136              		.align	1
 137              		.global	SVC_Handler
 138              		.syntax unified
ARM GAS  C:\Temp\ccbz4Dsw.s 			page 6


 139              		.thumb
 140              		.thumb_func
 142              	SVC_Handler:
 143              	.LFB240:
 153:Core/Src/stm32f4xx_it.c **** }
 154:Core/Src/stm32f4xx_it.c **** 
 155:Core/Src/stm32f4xx_it.c **** /**
 156:Core/Src/stm32f4xx_it.c ****   * @brief This function handles System service call via SWI instruction.
 157:Core/Src/stm32f4xx_it.c ****   */
 158:Core/Src/stm32f4xx_it.c **** void SVC_Handler(void)
 159:Core/Src/stm32f4xx_it.c **** {
 144              		.loc 1 159 1 view -0
 145              		.cfi_startproc
 146              		@ args = 0, pretend = 0, frame = 0
 147              		@ frame_needed = 0, uses_anonymous_args = 0
 148              		@ link register save eliminated.
 160:Core/Src/stm32f4xx_it.c ****   /* USER CODE BEGIN SVCall_IRQn 0 */
 161:Core/Src/stm32f4xx_it.c **** 
 162:Core/Src/stm32f4xx_it.c ****   /* USER CODE END SVCall_IRQn 0 */
 163:Core/Src/stm32f4xx_it.c ****   /* USER CODE BEGIN SVCall_IRQn 1 */
 164:Core/Src/stm32f4xx_it.c **** 
 165:Core/Src/stm32f4xx_it.c ****   /* USER CODE END SVCall_IRQn 1 */
 166:Core/Src/stm32f4xx_it.c **** }
 149              		.loc 1 166 1 view .LVU21
 150 0000 7047     		bx	lr
 151              		.cfi_endproc
 152              	.LFE240:
 154              		.section	.text.DebugMon_Handler,"ax",%progbits
 155              		.align	1
 156              		.global	DebugMon_Handler
 157              		.syntax unified
 158              		.thumb
 159              		.thumb_func
 161              	DebugMon_Handler:
 162              	.LFB241:
 167:Core/Src/stm32f4xx_it.c **** 
 168:Core/Src/stm32f4xx_it.c **** /**
 169:Core/Src/stm32f4xx_it.c ****   * @brief This function handles Debug monitor.
 170:Core/Src/stm32f4xx_it.c ****   */
 171:Core/Src/stm32f4xx_it.c **** void DebugMon_Handler(void)
 172:Core/Src/stm32f4xx_it.c **** {
 163              		.loc 1 172 1 view -0
 164              		.cfi_startproc
 165              		@ args = 0, pretend = 0, frame = 0
 166              		@ frame_needed = 0, uses_anonymous_args = 0
 167              		@ link register save eliminated.
 173:Core/Src/stm32f4xx_it.c ****   /* USER CODE BEGIN DebugMonitor_IRQn 0 */
 174:Core/Src/stm32f4xx_it.c **** 
 175:Core/Src/stm32f4xx_it.c ****   /* USER CODE END DebugMonitor_IRQn 0 */
 176:Core/Src/stm32f4xx_it.c ****   /* USER CODE BEGIN DebugMonitor_IRQn 1 */
 177:Core/Src/stm32f4xx_it.c **** 
 178:Core/Src/stm32f4xx_it.c ****   /* USER CODE END DebugMonitor_IRQn 1 */
 179:Core/Src/stm32f4xx_it.c **** }
 168              		.loc 1 179 1 view .LVU23
 169 0000 7047     		bx	lr
 170              		.cfi_endproc
 171              	.LFE241:
ARM GAS  C:\Temp\ccbz4Dsw.s 			page 7


 173              		.section	.text.PendSV_Handler,"ax",%progbits
 174              		.align	1
 175              		.global	PendSV_Handler
 176              		.syntax unified
 177              		.thumb
 178              		.thumb_func
 180              	PendSV_Handler:
 181              	.LFB242:
 180:Core/Src/stm32f4xx_it.c **** 
 181:Core/Src/stm32f4xx_it.c **** /**
 182:Core/Src/stm32f4xx_it.c ****   * @brief This function handles Pendable request for system service.
 183:Core/Src/stm32f4xx_it.c ****   */
 184:Core/Src/stm32f4xx_it.c **** void PendSV_Handler(void)
 185:Core/Src/stm32f4xx_it.c **** {
 182              		.loc 1 185 1 view -0
 183              		.cfi_startproc
 184              		@ args = 0, pretend = 0, frame = 0
 185              		@ frame_needed = 0, uses_anonymous_args = 0
 186              		@ link register save eliminated.
 186:Core/Src/stm32f4xx_it.c ****   /* USER CODE BEGIN PendSV_IRQn 0 */
 187:Core/Src/stm32f4xx_it.c **** 
 188:Core/Src/stm32f4xx_it.c ****   /* USER CODE END PendSV_IRQn 0 */
 189:Core/Src/stm32f4xx_it.c ****   /* USER CODE BEGIN PendSV_IRQn 1 */
 190:Core/Src/stm32f4xx_it.c **** 
 191:Core/Src/stm32f4xx_it.c ****   /* USER CODE END PendSV_IRQn 1 */
 192:Core/Src/stm32f4xx_it.c **** }
 187              		.loc 1 192 1 view .LVU25
 188 0000 7047     		bx	lr
 189              		.cfi_endproc
 190              	.LFE242:
 192              		.section	.text.SysTick_Handler,"ax",%progbits
 193              		.align	1
 194              		.global	SysTick_Handler
 195              		.syntax unified
 196              		.thumb
 197              		.thumb_func
 199              	SysTick_Handler:
 200              	.LFB243:
 193:Core/Src/stm32f4xx_it.c **** 
 194:Core/Src/stm32f4xx_it.c **** /**
 195:Core/Src/stm32f4xx_it.c ****   * @brief This function handles System tick timer.
 196:Core/Src/stm32f4xx_it.c ****   */
 197:Core/Src/stm32f4xx_it.c **** void SysTick_Handler(void)
 198:Core/Src/stm32f4xx_it.c **** {
 201              		.loc 1 198 1 view -0
 202              		.cfi_startproc
 203              		@ args = 0, pretend = 0, frame = 0
 204              		@ frame_needed = 0, uses_anonymous_args = 0
 205 0000 08B5     		push	{r3, lr}
 206              		.cfi_def_cfa_offset 8
 207              		.cfi_offset 3, -8
 208              		.cfi_offset 14, -4
 199:Core/Src/stm32f4xx_it.c ****   /* USER CODE BEGIN SysTick_IRQn 0 */
 200:Core/Src/stm32f4xx_it.c **** 
 201:Core/Src/stm32f4xx_it.c ****   /* USER CODE END SysTick_IRQn 0 */
 202:Core/Src/stm32f4xx_it.c ****   HAL_IncTick();
 209              		.loc 1 202 3 view .LVU27
ARM GAS  C:\Temp\ccbz4Dsw.s 			page 8


 210 0002 FFF7FEFF 		bl	HAL_IncTick
 211              	.LVL0:
 203:Core/Src/stm32f4xx_it.c ****   /* USER CODE BEGIN SysTick_IRQn 1 */
 204:Core/Src/stm32f4xx_it.c **** 
 205:Core/Src/stm32f4xx_it.c ****   /* USER CODE END SysTick_IRQn 1 */
 206:Core/Src/stm32f4xx_it.c **** }
 212              		.loc 1 206 1 is_stmt 0 view .LVU28
 213 0006 08BD     		pop	{r3, pc}
 214              		.cfi_endproc
 215              	.LFE243:
 217              		.section	.text.DMA1_Stream0_IRQHandler,"ax",%progbits
 218              		.align	1
 219              		.global	DMA1_Stream0_IRQHandler
 220              		.syntax unified
 221              		.thumb
 222              		.thumb_func
 224              	DMA1_Stream0_IRQHandler:
 225              	.LFB244:
 207:Core/Src/stm32f4xx_it.c **** 
 208:Core/Src/stm32f4xx_it.c **** /******************************************************************************/
 209:Core/Src/stm32f4xx_it.c **** /* STM32F4xx Peripheral Interrupt Handlers                                    */
 210:Core/Src/stm32f4xx_it.c **** /* Add here the Interrupt Handlers for the used peripherals.                  */
 211:Core/Src/stm32f4xx_it.c **** /* For the available peripheral interrupt handler names,                      */
 212:Core/Src/stm32f4xx_it.c **** /* please refer to the startup file (startup_stm32f4xx.s).                    */
 213:Core/Src/stm32f4xx_it.c **** /******************************************************************************/
 214:Core/Src/stm32f4xx_it.c **** 
 215:Core/Src/stm32f4xx_it.c **** /**
 216:Core/Src/stm32f4xx_it.c ****   * @brief This function handles DMA1 stream0 global interrupt.
 217:Core/Src/stm32f4xx_it.c ****   */
 218:Core/Src/stm32f4xx_it.c **** void DMA1_Stream0_IRQHandler(void)
 219:Core/Src/stm32f4xx_it.c **** {
 226              		.loc 1 219 1 is_stmt 1 view -0
 227              		.cfi_startproc
 228              		@ args = 0, pretend = 0, frame = 0
 229              		@ frame_needed = 0, uses_anonymous_args = 0
 230 0000 08B5     		push	{r3, lr}
 231              		.cfi_def_cfa_offset 8
 232              		.cfi_offset 3, -8
 233              		.cfi_offset 14, -4
 220:Core/Src/stm32f4xx_it.c ****   /* USER CODE BEGIN DMA1_Stream0_IRQn 0 */
 221:Core/Src/stm32f4xx_it.c **** 
 222:Core/Src/stm32f4xx_it.c ****   /* USER CODE END DMA1_Stream0_IRQn 0 */
 223:Core/Src/stm32f4xx_it.c ****   HAL_DMA_IRQHandler(&hdma_i2c1_rx);
 234              		.loc 1 223 3 view .LVU30
 235 0002 0248     		ldr	r0, .L18
 236 0004 FFF7FEFF 		bl	HAL_DMA_IRQHandler
 237              	.LVL1:
 224:Core/Src/stm32f4xx_it.c ****   /* USER CODE BEGIN DMA1_Stream0_IRQn 1 */
 225:Core/Src/stm32f4xx_it.c **** 
 226:Core/Src/stm32f4xx_it.c ****   /* USER CODE END DMA1_Stream0_IRQn 1 */
 227:Core/Src/stm32f4xx_it.c **** }
 238              		.loc 1 227 1 is_stmt 0 view .LVU31
 239 0008 08BD     		pop	{r3, pc}
 240              	.L19:
 241 000a 00BF     		.align	2
 242              	.L18:
 243 000c 00000000 		.word	hdma_i2c1_rx
ARM GAS  C:\Temp\ccbz4Dsw.s 			page 9


 244              		.cfi_endproc
 245              	.LFE244:
 247              		.section	.text.DMA1_Stream1_IRQHandler,"ax",%progbits
 248              		.align	1
 249              		.global	DMA1_Stream1_IRQHandler
 250              		.syntax unified
 251              		.thumb
 252              		.thumb_func
 254              	DMA1_Stream1_IRQHandler:
 255              	.LFB245:
 228:Core/Src/stm32f4xx_it.c **** 
 229:Core/Src/stm32f4xx_it.c **** /**
 230:Core/Src/stm32f4xx_it.c ****   * @brief This function handles DMA1 stream1 global interrupt.
 231:Core/Src/stm32f4xx_it.c ****   */
 232:Core/Src/stm32f4xx_it.c **** void DMA1_Stream1_IRQHandler(void)
 233:Core/Src/stm32f4xx_it.c **** {
 256              		.loc 1 233 1 is_stmt 1 view -0
 257              		.cfi_startproc
 258              		@ args = 0, pretend = 0, frame = 0
 259              		@ frame_needed = 0, uses_anonymous_args = 0
 260 0000 08B5     		push	{r3, lr}
 261              		.cfi_def_cfa_offset 8
 262              		.cfi_offset 3, -8
 263              		.cfi_offset 14, -4
 234:Core/Src/stm32f4xx_it.c ****   /* USER CODE BEGIN DMA1_Stream1_IRQn 0 */
 235:Core/Src/stm32f4xx_it.c **** 
 236:Core/Src/stm32f4xx_it.c ****   /* USER CODE END DMA1_Stream1_IRQn 0 */
 237:Core/Src/stm32f4xx_it.c ****   HAL_DMA_IRQHandler(&hdma_tim2_up_ch3);
 264              		.loc 1 237 3 view .LVU33
 265 0002 0248     		ldr	r0, .L22
 266 0004 FFF7FEFF 		bl	HAL_DMA_IRQHandler
 267              	.LVL2:
 238:Core/Src/stm32f4xx_it.c ****   /* USER CODE BEGIN DMA1_Stream1_IRQn 1 */
 239:Core/Src/stm32f4xx_it.c **** 
 240:Core/Src/stm32f4xx_it.c ****   /* USER CODE END DMA1_Stream1_IRQn 1 */
 241:Core/Src/stm32f4xx_it.c **** }
 268              		.loc 1 241 1 is_stmt 0 view .LVU34
 269 0008 08BD     		pop	{r3, pc}
 270              	.L23:
 271 000a 00BF     		.align	2
 272              	.L22:
 273 000c 00000000 		.word	hdma_tim2_up_ch3
 274              		.cfi_endproc
 275              	.LFE245:
 277              		.section	.text.DMA1_Stream2_IRQHandler,"ax",%progbits
 278              		.align	1
 279              		.global	DMA1_Stream2_IRQHandler
 280              		.syntax unified
 281              		.thumb
 282              		.thumb_func
 284              	DMA1_Stream2_IRQHandler:
 285              	.LFB246:
 242:Core/Src/stm32f4xx_it.c **** 
 243:Core/Src/stm32f4xx_it.c **** /**
 244:Core/Src/stm32f4xx_it.c ****   * @brief This function handles DMA1 stream2 global interrupt.
 245:Core/Src/stm32f4xx_it.c ****   */
 246:Core/Src/stm32f4xx_it.c **** void DMA1_Stream2_IRQHandler(void)
ARM GAS  C:\Temp\ccbz4Dsw.s 			page 10


 247:Core/Src/stm32f4xx_it.c **** {
 286              		.loc 1 247 1 is_stmt 1 view -0
 287              		.cfi_startproc
 288              		@ args = 0, pretend = 0, frame = 0
 289              		@ frame_needed = 0, uses_anonymous_args = 0
 290 0000 08B5     		push	{r3, lr}
 291              		.cfi_def_cfa_offset 8
 292              		.cfi_offset 3, -8
 293              		.cfi_offset 14, -4
 248:Core/Src/stm32f4xx_it.c ****   /* USER CODE BEGIN DMA1_Stream2_IRQn 0 */
 249:Core/Src/stm32f4xx_it.c **** 
 250:Core/Src/stm32f4xx_it.c ****   /* USER CODE END DMA1_Stream2_IRQn 0 */
 251:Core/Src/stm32f4xx_it.c ****   HAL_DMA_IRQHandler(&hdma_tim3_ch4_up);
 294              		.loc 1 251 3 view .LVU36
 295 0002 0248     		ldr	r0, .L26
 296 0004 FFF7FEFF 		bl	HAL_DMA_IRQHandler
 297              	.LVL3:
 252:Core/Src/stm32f4xx_it.c ****   /* USER CODE BEGIN DMA1_Stream2_IRQn 1 */
 253:Core/Src/stm32f4xx_it.c **** 
 254:Core/Src/stm32f4xx_it.c ****   /* USER CODE END DMA1_Stream2_IRQn 1 */
 255:Core/Src/stm32f4xx_it.c **** }
 298              		.loc 1 255 1 is_stmt 0 view .LVU37
 299 0008 08BD     		pop	{r3, pc}
 300              	.L27:
 301 000a 00BF     		.align	2
 302              	.L26:
 303 000c 00000000 		.word	hdma_tim3_ch4_up
 304              		.cfi_endproc
 305              	.LFE246:
 307              		.section	.text.TIM2_IRQHandler,"ax",%progbits
 308              		.align	1
 309              		.global	TIM2_IRQHandler
 310              		.syntax unified
 311              		.thumb
 312              		.thumb_func
 314              	TIM2_IRQHandler:
 315              	.LFB247:
 256:Core/Src/stm32f4xx_it.c **** 
 257:Core/Src/stm32f4xx_it.c **** /**
 258:Core/Src/stm32f4xx_it.c ****   * @brief This function handles TIM2 global interrupt.
 259:Core/Src/stm32f4xx_it.c ****   */
 260:Core/Src/stm32f4xx_it.c **** void TIM2_IRQHandler(void)
 261:Core/Src/stm32f4xx_it.c **** {
 316              		.loc 1 261 1 is_stmt 1 view -0
 317              		.cfi_startproc
 318              		@ args = 0, pretend = 0, frame = 0
 319              		@ frame_needed = 0, uses_anonymous_args = 0
 320 0000 08B5     		push	{r3, lr}
 321              		.cfi_def_cfa_offset 8
 322              		.cfi_offset 3, -8
 323              		.cfi_offset 14, -4
 262:Core/Src/stm32f4xx_it.c ****   /* USER CODE BEGIN TIM2_IRQn 0 */
 263:Core/Src/stm32f4xx_it.c **** 
 264:Core/Src/stm32f4xx_it.c ****   /* USER CODE END TIM2_IRQn 0 */
 265:Core/Src/stm32f4xx_it.c ****   HAL_TIM_IRQHandler(&htim2);
 324              		.loc 1 265 3 view .LVU39
 325 0002 0248     		ldr	r0, .L30
ARM GAS  C:\Temp\ccbz4Dsw.s 			page 11


 326 0004 FFF7FEFF 		bl	HAL_TIM_IRQHandler
 327              	.LVL4:
 266:Core/Src/stm32f4xx_it.c ****   /* USER CODE BEGIN TIM2_IRQn 1 */
 267:Core/Src/stm32f4xx_it.c **** 
 268:Core/Src/stm32f4xx_it.c ****   /* USER CODE END TIM2_IRQn 1 */
 269:Core/Src/stm32f4xx_it.c **** }
 328              		.loc 1 269 1 is_stmt 0 view .LVU40
 329 0008 08BD     		pop	{r3, pc}
 330              	.L31:
 331 000a 00BF     		.align	2
 332              	.L30:
 333 000c 00000000 		.word	htim2
 334              		.cfi_endproc
 335              	.LFE247:
 337              		.section	.text.TIM4_IRQHandler,"ax",%progbits
 338              		.align	1
 339              		.global	TIM4_IRQHandler
 340              		.syntax unified
 341              		.thumb
 342              		.thumb_func
 344              	TIM4_IRQHandler:
 345              	.LFB248:
 270:Core/Src/stm32f4xx_it.c **** 
 271:Core/Src/stm32f4xx_it.c **** /**
 272:Core/Src/stm32f4xx_it.c ****   * @brief This function handles TIM4 global interrupt.
 273:Core/Src/stm32f4xx_it.c ****   */
 274:Core/Src/stm32f4xx_it.c **** void TIM4_IRQHandler(void)
 275:Core/Src/stm32f4xx_it.c **** {
 346              		.loc 1 275 1 is_stmt 1 view -0
 347              		.cfi_startproc
 348              		@ args = 0, pretend = 0, frame = 0
 349              		@ frame_needed = 0, uses_anonymous_args = 0
 350 0000 08B5     		push	{r3, lr}
 351              		.cfi_def_cfa_offset 8
 352              		.cfi_offset 3, -8
 353              		.cfi_offset 14, -4
 276:Core/Src/stm32f4xx_it.c ****   /* USER CODE BEGIN TIM4_IRQn 0 */
 277:Core/Src/stm32f4xx_it.c **** 
 278:Core/Src/stm32f4xx_it.c ****   /* USER CODE END TIM4_IRQn 0 */
 279:Core/Src/stm32f4xx_it.c ****   HAL_TIM_IRQHandler(&htim4);
 354              		.loc 1 279 3 view .LVU42
 355 0002 0248     		ldr	r0, .L34
 356 0004 FFF7FEFF 		bl	HAL_TIM_IRQHandler
 357              	.LVL5:
 280:Core/Src/stm32f4xx_it.c ****   /* USER CODE BEGIN TIM4_IRQn 1 */
 281:Core/Src/stm32f4xx_it.c **** 
 282:Core/Src/stm32f4xx_it.c ****   /* USER CODE END TIM4_IRQn 1 */
 283:Core/Src/stm32f4xx_it.c **** }
 358              		.loc 1 283 1 is_stmt 0 view .LVU43
 359 0008 08BD     		pop	{r3, pc}
 360              	.L35:
 361 000a 00BF     		.align	2
 362              	.L34:
 363 000c 00000000 		.word	htim4
 364              		.cfi_endproc
 365              	.LFE248:
 367              		.section	.text.DMA1_Stream7_IRQHandler,"ax",%progbits
ARM GAS  C:\Temp\ccbz4Dsw.s 			page 12


 368              		.align	1
 369              		.global	DMA1_Stream7_IRQHandler
 370              		.syntax unified
 371              		.thumb
 372              		.thumb_func
 374              	DMA1_Stream7_IRQHandler:
 375              	.LFB249:
 284:Core/Src/stm32f4xx_it.c **** 
 285:Core/Src/stm32f4xx_it.c **** /**
 286:Core/Src/stm32f4xx_it.c ****   * @brief This function handles DMA1 stream7 global interrupt.
 287:Core/Src/stm32f4xx_it.c ****   */
 288:Core/Src/stm32f4xx_it.c **** void DMA1_Stream7_IRQHandler(void)
 289:Core/Src/stm32f4xx_it.c **** {
 376              		.loc 1 289 1 is_stmt 1 view -0
 377              		.cfi_startproc
 378              		@ args = 0, pretend = 0, frame = 0
 379              		@ frame_needed = 0, uses_anonymous_args = 0
 380 0000 08B5     		push	{r3, lr}
 381              		.cfi_def_cfa_offset 8
 382              		.cfi_offset 3, -8
 383              		.cfi_offset 14, -4
 290:Core/Src/stm32f4xx_it.c ****   /* USER CODE BEGIN DMA1_Stream7_IRQn 0 */
 291:Core/Src/stm32f4xx_it.c **** 
 292:Core/Src/stm32f4xx_it.c ****   /* USER CODE END DMA1_Stream7_IRQn 0 */
 293:Core/Src/stm32f4xx_it.c ****   HAL_DMA_IRQHandler(&hdma_tim3_ch3);
 384              		.loc 1 293 3 view .LVU45
 385 0002 0248     		ldr	r0, .L38
 386 0004 FFF7FEFF 		bl	HAL_DMA_IRQHandler
 387              	.LVL6:
 294:Core/Src/stm32f4xx_it.c ****   /* USER CODE BEGIN DMA1_Stream7_IRQn 1 */
 295:Core/Src/stm32f4xx_it.c **** 
 296:Core/Src/stm32f4xx_it.c ****   /* USER CODE END DMA1_Stream7_IRQn 1 */
 297:Core/Src/stm32f4xx_it.c **** }
 388              		.loc 1 297 1 is_stmt 0 view .LVU46
 389 0008 08BD     		pop	{r3, pc}
 390              	.L39:
 391 000a 00BF     		.align	2
 392              	.L38:
 393 000c 00000000 		.word	hdma_tim3_ch3
 394              		.cfi_endproc
 395              	.LFE249:
 397              		.section	.text.TIM5_IRQHandler,"ax",%progbits
 398              		.align	1
 399              		.global	TIM5_IRQHandler
 400              		.syntax unified
 401              		.thumb
 402              		.thumb_func
 404              	TIM5_IRQHandler:
 405              	.LFB250:
 298:Core/Src/stm32f4xx_it.c **** 
 299:Core/Src/stm32f4xx_it.c **** /**
 300:Core/Src/stm32f4xx_it.c ****   * @brief This function handles TIM5 global interrupt.
 301:Core/Src/stm32f4xx_it.c ****   */
 302:Core/Src/stm32f4xx_it.c **** void TIM5_IRQHandler(void)
 303:Core/Src/stm32f4xx_it.c **** {
 406              		.loc 1 303 1 is_stmt 1 view -0
 407              		.cfi_startproc
ARM GAS  C:\Temp\ccbz4Dsw.s 			page 13


 408              		@ args = 0, pretend = 0, frame = 0
 409              		@ frame_needed = 0, uses_anonymous_args = 0
 410 0000 08B5     		push	{r3, lr}
 411              		.cfi_def_cfa_offset 8
 412              		.cfi_offset 3, -8
 413              		.cfi_offset 14, -4
 304:Core/Src/stm32f4xx_it.c ****   /* USER CODE BEGIN TIM5_IRQn 0 */
 305:Core/Src/stm32f4xx_it.c **** 
 306:Core/Src/stm32f4xx_it.c ****   /* USER CODE END TIM5_IRQn 0 */
 307:Core/Src/stm32f4xx_it.c ****   HAL_TIM_IRQHandler(&htim5);
 414              		.loc 1 307 3 view .LVU48
 415 0002 0248     		ldr	r0, .L42
 416 0004 FFF7FEFF 		bl	HAL_TIM_IRQHandler
 417              	.LVL7:
 308:Core/Src/stm32f4xx_it.c ****   /* USER CODE BEGIN TIM5_IRQn 1 */
 309:Core/Src/stm32f4xx_it.c **** 
 310:Core/Src/stm32f4xx_it.c ****   /* USER CODE END TIM5_IRQn 1 */
 311:Core/Src/stm32f4xx_it.c **** }
 418              		.loc 1 311 1 is_stmt 0 view .LVU49
 419 0008 08BD     		pop	{r3, pc}
 420              	.L43:
 421 000a 00BF     		.align	2
 422              	.L42:
 423 000c 00000000 		.word	htim5
 424              		.cfi_endproc
 425              	.LFE250:
 427              		.section	.text.UART4_IRQHandler,"ax",%progbits
 428              		.align	1
 429              		.global	UART4_IRQHandler
 430              		.syntax unified
 431              		.thumb
 432              		.thumb_func
 434              	UART4_IRQHandler:
 435              	.LFB251:
 312:Core/Src/stm32f4xx_it.c **** 
 313:Core/Src/stm32f4xx_it.c **** /**
 314:Core/Src/stm32f4xx_it.c ****   * @brief This function handles UART4 global interrupt.
 315:Core/Src/stm32f4xx_it.c ****   */
 316:Core/Src/stm32f4xx_it.c **** void UART4_IRQHandler(void)
 317:Core/Src/stm32f4xx_it.c **** {
 436              		.loc 1 317 1 is_stmt 1 view -0
 437              		.cfi_startproc
 438              		@ args = 0, pretend = 0, frame = 0
 439              		@ frame_needed = 0, uses_anonymous_args = 0
 440 0000 08B5     		push	{r3, lr}
 441              		.cfi_def_cfa_offset 8
 442              		.cfi_offset 3, -8
 443              		.cfi_offset 14, -4
 318:Core/Src/stm32f4xx_it.c ****   /* USER CODE BEGIN UART4_IRQn 0 */
 319:Core/Src/stm32f4xx_it.c **** 
 320:Core/Src/stm32f4xx_it.c ****   /* USER CODE END UART4_IRQn 0 */
 321:Core/Src/stm32f4xx_it.c ****   HAL_UART_IRQHandler(&huart4);
 444              		.loc 1 321 3 view .LVU51
 445 0002 0248     		ldr	r0, .L46
 446 0004 FFF7FEFF 		bl	HAL_UART_IRQHandler
 447              	.LVL8:
 322:Core/Src/stm32f4xx_it.c ****   /* USER CODE BEGIN UART4_IRQn 1 */
ARM GAS  C:\Temp\ccbz4Dsw.s 			page 14


 323:Core/Src/stm32f4xx_it.c **** 
 324:Core/Src/stm32f4xx_it.c ****   /* USER CODE END UART4_IRQn 1 */
 325:Core/Src/stm32f4xx_it.c **** }
 448              		.loc 1 325 1 is_stmt 0 view .LVU52
 449 0008 08BD     		pop	{r3, pc}
 450              	.L47:
 451 000a 00BF     		.align	2
 452              	.L46:
 453 000c 00000000 		.word	huart4
 454              		.cfi_endproc
 455              	.LFE251:
 457              		.section	.text.TIM6_DAC_IRQHandler,"ax",%progbits
 458              		.align	1
 459              		.global	TIM6_DAC_IRQHandler
 460              		.syntax unified
 461              		.thumb
 462              		.thumb_func
 464              	TIM6_DAC_IRQHandler:
 465              	.LFB252:
 326:Core/Src/stm32f4xx_it.c **** 
 327:Core/Src/stm32f4xx_it.c **** /**
 328:Core/Src/stm32f4xx_it.c ****   * @brief This function handles TIM6 global interrupt, DAC1 and DAC2 underrun error interrupts.
 329:Core/Src/stm32f4xx_it.c ****   */
 330:Core/Src/stm32f4xx_it.c **** void TIM6_DAC_IRQHandler(void)
 331:Core/Src/stm32f4xx_it.c **** {
 466              		.loc 1 331 1 is_stmt 1 view -0
 467              		.cfi_startproc
 468              		@ args = 0, pretend = 0, frame = 0
 469              		@ frame_needed = 0, uses_anonymous_args = 0
 470 0000 08B5     		push	{r3, lr}
 471              		.cfi_def_cfa_offset 8
 472              		.cfi_offset 3, -8
 473              		.cfi_offset 14, -4
 332:Core/Src/stm32f4xx_it.c ****   /* USER CODE BEGIN TIM6_DAC_IRQn 0 */
 333:Core/Src/stm32f4xx_it.c **** 
 334:Core/Src/stm32f4xx_it.c ****   /* USER CODE END TIM6_DAC_IRQn 0 */
 335:Core/Src/stm32f4xx_it.c ****   HAL_TIM_IRQHandler(&htim6);
 474              		.loc 1 335 3 view .LVU54
 475 0002 0248     		ldr	r0, .L50
 476 0004 FFF7FEFF 		bl	HAL_TIM_IRQHandler
 477              	.LVL9:
 336:Core/Src/stm32f4xx_it.c ****   /* USER CODE BEGIN TIM6_DAC_IRQn 1 */
 337:Core/Src/stm32f4xx_it.c **** 
 338:Core/Src/stm32f4xx_it.c ****   /* USER CODE END TIM6_DAC_IRQn 1 */
 339:Core/Src/stm32f4xx_it.c **** }
 478              		.loc 1 339 1 is_stmt 0 view .LVU55
 479 0008 08BD     		pop	{r3, pc}
 480              	.L51:
 481 000a 00BF     		.align	2
 482              	.L50:
 483 000c 00000000 		.word	htim6
 484              		.cfi_endproc
 485              	.LFE252:
 487              		.section	.text.TIM7_IRQHandler,"ax",%progbits
 488              		.align	1
 489              		.global	TIM7_IRQHandler
 490              		.syntax unified
ARM GAS  C:\Temp\ccbz4Dsw.s 			page 15


 491              		.thumb
 492              		.thumb_func
 494              	TIM7_IRQHandler:
 495              	.LFB253:
 340:Core/Src/stm32f4xx_it.c **** 
 341:Core/Src/stm32f4xx_it.c **** /**
 342:Core/Src/stm32f4xx_it.c ****   * @brief This function handles TIM7 global interrupt.
 343:Core/Src/stm32f4xx_it.c ****   */
 344:Core/Src/stm32f4xx_it.c **** void TIM7_IRQHandler(void)
 345:Core/Src/stm32f4xx_it.c **** {
 496              		.loc 1 345 1 is_stmt 1 view -0
 497              		.cfi_startproc
 498              		@ args = 0, pretend = 0, frame = 0
 499              		@ frame_needed = 0, uses_anonymous_args = 0
 500 0000 08B5     		push	{r3, lr}
 501              		.cfi_def_cfa_offset 8
 502              		.cfi_offset 3, -8
 503              		.cfi_offset 14, -4
 346:Core/Src/stm32f4xx_it.c ****   /* USER CODE BEGIN TIM7_IRQn 0 */
 347:Core/Src/stm32f4xx_it.c **** 
 348:Core/Src/stm32f4xx_it.c ****   /* USER CODE END TIM7_IRQn 0 */
 349:Core/Src/stm32f4xx_it.c ****   HAL_TIM_IRQHandler(&htim7);
 504              		.loc 1 349 3 view .LVU57
 505 0002 0248     		ldr	r0, .L54
 506 0004 FFF7FEFF 		bl	HAL_TIM_IRQHandler
 507              	.LVL10:
 350:Core/Src/stm32f4xx_it.c ****   /* USER CODE BEGIN TIM7_IRQn 1 */
 351:Core/Src/stm32f4xx_it.c **** 
 352:Core/Src/stm32f4xx_it.c ****   /* USER CODE END TIM7_IRQn 1 */
 353:Core/Src/stm32f4xx_it.c **** }
 508              		.loc 1 353 1 is_stmt 0 view .LVU58
 509 0008 08BD     		pop	{r3, pc}
 510              	.L55:
 511 000a 00BF     		.align	2
 512              	.L54:
 513 000c 00000000 		.word	htim7
 514              		.cfi_endproc
 515              	.LFE253:
 517              		.section	.text.DMA2_Stream0_IRQHandler,"ax",%progbits
 518              		.align	1
 519              		.global	DMA2_Stream0_IRQHandler
 520              		.syntax unified
 521              		.thumb
 522              		.thumb_func
 524              	DMA2_Stream0_IRQHandler:
 525              	.LFB254:
 354:Core/Src/stm32f4xx_it.c **** 
 355:Core/Src/stm32f4xx_it.c **** /**
 356:Core/Src/stm32f4xx_it.c ****   * @brief This function handles DMA2 stream0 global interrupt.
 357:Core/Src/stm32f4xx_it.c ****   */
 358:Core/Src/stm32f4xx_it.c **** void DMA2_Stream0_IRQHandler(void)
 359:Core/Src/stm32f4xx_it.c **** {
 526              		.loc 1 359 1 is_stmt 1 view -0
 527              		.cfi_startproc
 528              		@ args = 0, pretend = 0, frame = 0
 529              		@ frame_needed = 0, uses_anonymous_args = 0
 530 0000 08B5     		push	{r3, lr}
ARM GAS  C:\Temp\ccbz4Dsw.s 			page 16


 531              		.cfi_def_cfa_offset 8
 532              		.cfi_offset 3, -8
 533              		.cfi_offset 14, -4
 360:Core/Src/stm32f4xx_it.c ****   /* USER CODE BEGIN DMA2_Stream0_IRQn 0 */
 361:Core/Src/stm32f4xx_it.c **** 
 362:Core/Src/stm32f4xx_it.c ****   /* USER CODE END DMA2_Stream0_IRQn 0 */
 363:Core/Src/stm32f4xx_it.c ****   HAL_DMA_IRQHandler(&hdma_adc1);
 534              		.loc 1 363 3 view .LVU60
 535 0002 0248     		ldr	r0, .L58
 536 0004 FFF7FEFF 		bl	HAL_DMA_IRQHandler
 537              	.LVL11:
 364:Core/Src/stm32f4xx_it.c ****   /* USER CODE BEGIN DMA2_Stream0_IRQn 1 */
 365:Core/Src/stm32f4xx_it.c **** 
 366:Core/Src/stm32f4xx_it.c ****   /* USER CODE END DMA2_Stream0_IRQn 1 */
 367:Core/Src/stm32f4xx_it.c **** }
 538              		.loc 1 367 1 is_stmt 0 view .LVU61
 539 0008 08BD     		pop	{r3, pc}
 540              	.L59:
 541 000a 00BF     		.align	2
 542              	.L58:
 543 000c 00000000 		.word	hdma_adc1
 544              		.cfi_endproc
 545              	.LFE254:
 547              		.text
 548              	.Letext0:
 549              		.file 2 "c:\\users\\jesse arendse\\appdata\\roaming\\code\\user\\globalstorage\\bmd.stm32-for-vsco
 550              		.file 3 "c:\\users\\jesse arendse\\appdata\\roaming\\code\\user\\globalstorage\\bmd.stm32-for-vsco
 551              		.file 4 "Drivers/CMSIS/Device/ST/STM32F4xx/Include/stm32f407xx.h"
 552              		.file 5 "Drivers/STM32F4xx_HAL_Driver/Inc/stm32f4xx_hal_def.h"
 553              		.file 6 "Drivers/STM32F4xx_HAL_Driver/Inc/stm32f4xx_hal_dma.h"
 554              		.file 7 "Drivers/STM32F4xx_HAL_Driver/Inc/stm32f4xx_hal_tim.h"
 555              		.file 8 "Drivers/STM32F4xx_HAL_Driver/Inc/stm32f4xx_hal_uart.h"
 556              		.file 9 "Drivers/STM32F4xx_HAL_Driver/Inc/stm32f4xx_hal.h"
ARM GAS  C:\Temp\ccbz4Dsw.s 			page 17


DEFINED SYMBOLS
                            *ABS*:00000000 stm32f4xx_it.c
  C:\Temp\ccbz4Dsw.s:21     .text.NMI_Handler:00000000 $t
  C:\Temp\ccbz4Dsw.s:27     .text.NMI_Handler:00000000 NMI_Handler
  C:\Temp\ccbz4Dsw.s:44     .text.HardFault_Handler:00000000 $t
  C:\Temp\ccbz4Dsw.s:50     .text.HardFault_Handler:00000000 HardFault_Handler
  C:\Temp\ccbz4Dsw.s:67     .text.MemManage_Handler:00000000 $t
  C:\Temp\ccbz4Dsw.s:73     .text.MemManage_Handler:00000000 MemManage_Handler
  C:\Temp\ccbz4Dsw.s:90     .text.BusFault_Handler:00000000 $t
  C:\Temp\ccbz4Dsw.s:96     .text.BusFault_Handler:00000000 BusFault_Handler
  C:\Temp\ccbz4Dsw.s:113    .text.UsageFault_Handler:00000000 $t
  C:\Temp\ccbz4Dsw.s:119    .text.UsageFault_Handler:00000000 UsageFault_Handler
  C:\Temp\ccbz4Dsw.s:136    .text.SVC_Handler:00000000 $t
  C:\Temp\ccbz4Dsw.s:142    .text.SVC_Handler:00000000 SVC_Handler
  C:\Temp\ccbz4Dsw.s:155    .text.DebugMon_Handler:00000000 $t
  C:\Temp\ccbz4Dsw.s:161    .text.DebugMon_Handler:00000000 DebugMon_Handler
  C:\Temp\ccbz4Dsw.s:174    .text.PendSV_Handler:00000000 $t
  C:\Temp\ccbz4Dsw.s:180    .text.PendSV_Handler:00000000 PendSV_Handler
  C:\Temp\ccbz4Dsw.s:193    .text.SysTick_Handler:00000000 $t
  C:\Temp\ccbz4Dsw.s:199    .text.SysTick_Handler:00000000 SysTick_Handler
  C:\Temp\ccbz4Dsw.s:218    .text.DMA1_Stream0_IRQHandler:00000000 $t
  C:\Temp\ccbz4Dsw.s:224    .text.DMA1_Stream0_IRQHandler:00000000 DMA1_Stream0_IRQHandler
  C:\Temp\ccbz4Dsw.s:243    .text.DMA1_Stream0_IRQHandler:0000000c $d
  C:\Temp\ccbz4Dsw.s:248    .text.DMA1_Stream1_IRQHandler:00000000 $t
  C:\Temp\ccbz4Dsw.s:254    .text.DMA1_Stream1_IRQHandler:00000000 DMA1_Stream1_IRQHandler
  C:\Temp\ccbz4Dsw.s:273    .text.DMA1_Stream1_IRQHandler:0000000c $d
  C:\Temp\ccbz4Dsw.s:278    .text.DMA1_Stream2_IRQHandler:00000000 $t
  C:\Temp\ccbz4Dsw.s:284    .text.DMA1_Stream2_IRQHandler:00000000 DMA1_Stream2_IRQHandler
  C:\Temp\ccbz4Dsw.s:303    .text.DMA1_Stream2_IRQHandler:0000000c $d
  C:\Temp\ccbz4Dsw.s:308    .text.TIM2_IRQHandler:00000000 $t
  C:\Temp\ccbz4Dsw.s:314    .text.TIM2_IRQHandler:00000000 TIM2_IRQHandler
  C:\Temp\ccbz4Dsw.s:333    .text.TIM2_IRQHandler:0000000c $d
  C:\Temp\ccbz4Dsw.s:338    .text.TIM4_IRQHandler:00000000 $t
  C:\Temp\ccbz4Dsw.s:344    .text.TIM4_IRQHandler:00000000 TIM4_IRQHandler
  C:\Temp\ccbz4Dsw.s:363    .text.TIM4_IRQHandler:0000000c $d
  C:\Temp\ccbz4Dsw.s:368    .text.DMA1_Stream7_IRQHandler:00000000 $t
  C:\Temp\ccbz4Dsw.s:374    .text.DMA1_Stream7_IRQHandler:00000000 DMA1_Stream7_IRQHandler
  C:\Temp\ccbz4Dsw.s:393    .text.DMA1_Stream7_IRQHandler:0000000c $d
  C:\Temp\ccbz4Dsw.s:398    .text.TIM5_IRQHandler:00000000 $t
  C:\Temp\ccbz4Dsw.s:404    .text.TIM5_IRQHandler:00000000 TIM5_IRQHandler
  C:\Temp\ccbz4Dsw.s:423    .text.TIM5_IRQHandler:0000000c $d
  C:\Temp\ccbz4Dsw.s:428    .text.UART4_IRQHandler:00000000 $t
  C:\Temp\ccbz4Dsw.s:434    .text.UART4_IRQHandler:00000000 UART4_IRQHandler
  C:\Temp\ccbz4Dsw.s:453    .text.UART4_IRQHandler:0000000c $d
  C:\Temp\ccbz4Dsw.s:458    .text.TIM6_DAC_IRQHandler:00000000 $t
  C:\Temp\ccbz4Dsw.s:464    .text.TIM6_DAC_IRQHandler:00000000 TIM6_DAC_IRQHandler
  C:\Temp\ccbz4Dsw.s:483    .text.TIM6_DAC_IRQHandler:0000000c $d
  C:\Temp\ccbz4Dsw.s:488    .text.TIM7_IRQHandler:00000000 $t
  C:\Temp\ccbz4Dsw.s:494    .text.TIM7_IRQHandler:00000000 TIM7_IRQHandler
  C:\Temp\ccbz4Dsw.s:513    .text.TIM7_IRQHandler:0000000c $d
  C:\Temp\ccbz4Dsw.s:518    .text.DMA2_Stream0_IRQHandler:00000000 $t
  C:\Temp\ccbz4Dsw.s:524    .text.DMA2_Stream0_IRQHandler:00000000 DMA2_Stream0_IRQHandler
  C:\Temp\ccbz4Dsw.s:543    .text.DMA2_Stream0_IRQHandler:0000000c $d

UNDEFINED SYMBOLS
HAL_IncTick
HAL_DMA_IRQHandler
ARM GAS  C:\Temp\ccbz4Dsw.s 			page 18


hdma_i2c1_rx
hdma_tim2_up_ch3
hdma_tim3_ch4_up
HAL_TIM_IRQHandler
htim2
htim4
hdma_tim3_ch3
htim5
HAL_UART_IRQHandler
huart4
htim6
htim7
hdma_adc1
