ARM GAS  C:\Temp\cc6NmQOA.s 			page 1


   1              		.cpu cortex-m4
   2              		.arch armv7e-m
   3              		.fpu fpv4-sp-d16
   4              		.eabi_attribute 27, 1
   5              		.eabi_attribute 28, 1
   6              		.eabi_attribute 20, 1
   7              		.eabi_attribute 21, 1
   8              		.eabi_attribute 23, 3
   9              		.eabi_attribute 24, 1
  10              		.eabi_attribute 25, 1
  11              		.eabi_attribute 26, 1
  12              		.eabi_attribute 30, 1
  13              		.eabi_attribute 34, 1
  14              		.eabi_attribute 18, 4
  15              		.file	"Pots.c"
  16              		.text
  17              	.Ltext0:
  18              		.cfi_sections	.debug_frame
  19              		.file 1 "Core/Src/Pots.c"
  20              		.section	.text.refreshPixels,"ax",%progbits
  21              		.align	1
  22              		.global	refreshPixels
  23              		.syntax unified
  24              		.thumb
  25              		.thumb_func
  27              	refreshPixels:
  28              	.LFB235:
   1:Core/Src/Pots.c **** //********************************************************************
   2:Core/Src/Pots.c **** //*                      Mech Educational Board                      *
   3:Core/Src/Pots.c **** //*                         ADC Pots Library                         *
   4:Core/Src/Pots.c **** //*==================================================================*
   5:Core/Src/Pots.c **** //* @author:    Jesse Jabez Arendse                                  *
   6:Core/Src/Pots.c **** //* @date:      24-10-2023                                           *
   7:Core/Src/Pots.c **** //*==================================================================*
   8:Core/Src/Pots.c **** 
   9:Core/Src/Pots.c **** #include "main.h"
  10:Core/Src/Pots.c **** #include "Pots.h"
  11:Core/Src/Pots.c **** 
  12:Core/Src/Pots.c **** 
  13:Core/Src/Pots.c **** 
  14:Core/Src/Pots.c **** 
  15:Core/Src/Pots.c **** extern ADC_HandleTypeDef hadc1;
  16:Core/Src/Pots.c **** extern DMA_HandleTypeDef hdma_adc1;
  17:Core/Src/Pots.c **** extern TIM_HandleTypeDef htim5;
  18:Core/Src/Pots.c **** 
  19:Core/Src/Pots.c **** extern uint16_t POTS[ADC_CHANNEL_NUM]; //POT0 - POT3, 0 - 4095
  20:Core/Src/Pots.c **** 
  21:Core/Src/Pots.c **** short potToDisplay = 0;
  22:Core/Src/Pots.c **** 
  23:Core/Src/Pots.c **** void refreshPixels(){
  29              		.loc 1 23 21 view -0
  30              		.cfi_startproc
  31              		@ args = 0, pretend = 0, frame = 0
  32              		@ frame_needed = 0, uses_anonymous_args = 0
  33 0000 38B5     		push	{r3, r4, r5, lr}
  34              		.cfi_def_cfa_offset 16
  35              		.cfi_offset 3, -16
ARM GAS  C:\Temp\cc6NmQOA.s 			page 2


  36              		.cfi_offset 4, -12
  37              		.cfi_offset 5, -8
  38              		.cfi_offset 14, -4
  24:Core/Src/Pots.c ****       set_RGB(POTS[0]*255/4095,0,0,0);
  39              		.loc 1 24 7 view .LVU1
  40              		.loc 1 24 19 is_stmt 0 view .LVU2
  41 0002 254D     		ldr	r5, .L3
  42 0004 2B88     		ldrh	r3, [r5]
  43              		.loc 1 24 22 view .LVU3
  44 0006 C3EB0323 		rsb	r3, r3, r3, lsl #8
  45              		.loc 1 24 7 view .LVU4
  46 000a 244C     		ldr	r4, .L3+4
  47 000c 84FB032C 		smull	r2, ip, r4, r3
  48 0010 9C44     		add	ip, ip, r3
  49 0012 D817     		asrs	r0, r3, #31
  50 0014 0023     		movs	r3, #0
  51 0016 1A46     		mov	r2, r3
  52 0018 1946     		mov	r1, r3
  53 001a C0EBEC20 		rsb	r0, r0, ip, asr #11
  54 001e FFF7FEFF 		bl	set_RGB
  55              	.LVL0:
  25:Core/Src/Pots.c ****       set_RGB(0,POTS[1]*255/4095,0,1);
  56              		.loc 1 25 7 is_stmt 1 view .LVU5
  57              		.loc 1 25 21 is_stmt 0 view .LVU6
  58 0022 6B88     		ldrh	r3, [r5, #2]
  59              		.loc 1 25 24 view .LVU7
  60 0024 C3EB0323 		rsb	r3, r3, r3, lsl #8
  61              		.loc 1 25 7 view .LVU8
  62 0028 84FB0320 		smull	r2, r0, r4, r3
  63 002c 1844     		add	r0, r0, r3
  64 002e D917     		asrs	r1, r3, #31
  65 0030 0123     		movs	r3, #1
  66 0032 0022     		movs	r2, #0
  67 0034 C1EBE021 		rsb	r1, r1, r0, asr #11
  68 0038 1046     		mov	r0, r2
  69 003a FFF7FEFF 		bl	set_RGB
  70              	.LVL1:
  26:Core/Src/Pots.c ****       set_RGB(0,0,POTS[2]*255/4095,2);
  71              		.loc 1 26 7 is_stmt 1 view .LVU9
  72              		.loc 1 26 23 is_stmt 0 view .LVU10
  73 003e AB88     		ldrh	r3, [r5, #4]
  74              		.loc 1 26 26 view .LVU11
  75 0040 C3EB0323 		rsb	r3, r3, r3, lsl #8
  76              		.loc 1 26 7 view .LVU12
  77 0044 84FB0321 		smull	r2, r1, r4, r3
  78 0048 1944     		add	r1, r1, r3
  79 004a DA17     		asrs	r2, r3, #31
  80 004c 0223     		movs	r3, #2
  81 004e C2EBE122 		rsb	r2, r2, r1, asr #11
  82 0052 0021     		movs	r1, #0
  83 0054 0846     		mov	r0, r1
  84 0056 FFF7FEFF 		bl	set_RGB
  85              	.LVL2:
  27:Core/Src/Pots.c ****       set_RGB(POTS[0]*255/4095,POTS[1]*255/4095,POTS[2]*255/4095,3);
  86              		.loc 1 27 7 is_stmt 1 view .LVU13
  87              		.loc 1 27 19 is_stmt 0 view .LVU14
  88 005a 2888     		ldrh	r0, [r5]
ARM GAS  C:\Temp\cc6NmQOA.s 			page 3


  89              		.loc 1 27 22 view .LVU15
  90 005c C0EB0020 		rsb	r0, r0, r0, lsl #8
  91              		.loc 1 27 36 view .LVU16
  92 0060 6B88     		ldrh	r3, [r5, #2]
  93              		.loc 1 27 39 view .LVU17
  94 0062 C3EB0323 		rsb	r3, r3, r3, lsl #8
  95              		.loc 1 27 53 view .LVU18
  96 0066 A988     		ldrh	r1, [r5, #4]
  97              		.loc 1 27 56 view .LVU19
  98 0068 C1EB0121 		rsb	r1, r1, r1, lsl #8
  99              		.loc 1 27 7 view .LVU20
 100 006c 84FB012C 		smull	r2, ip, r4, r1
 101 0070 8C44     		add	ip, ip, r1
 102 0072 CA17     		asrs	r2, r1, #31
 103 0074 84FB0315 		smull	r1, r5, r4, r3
 104 0078 1D44     		add	r5, r5, r3
 105 007a D917     		asrs	r1, r3, #31
 106 007c 84FB0034 		smull	r3, r4, r4, r0
 107 0080 0444     		add	r4, r4, r0
 108 0082 C017     		asrs	r0, r0, #31
 109 0084 0323     		movs	r3, #3
 110 0086 C2EBEC22 		rsb	r2, r2, ip, asr #11
 111 008a C1EBE521 		rsb	r1, r1, r5, asr #11
 112 008e C0EBE420 		rsb	r0, r0, r4, asr #11
 113 0092 FFF7FEFF 		bl	set_RGB
 114              	.LVL3:
  28:Core/Src/Pots.c **** }
 115              		.loc 1 28 1 view .LVU21
 116 0096 38BD     		pop	{r3, r4, r5, pc}
 117              	.L4:
 118              		.align	2
 119              	.L3:
 120 0098 00000000 		.word	POTS
 121 009c 81000880 		.word	-2146959231
 122              		.cfi_endproc
 123              	.LFE235:
 125              		.section	.text.displayPot,"ax",%progbits
 126              		.align	1
 127              		.global	displayPot
 128              		.syntax unified
 129              		.thumb
 130              		.thumb_func
 132              	displayPot:
 133              	.LFB236:
  29:Core/Src/Pots.c **** 
  30:Core/Src/Pots.c **** void displayPot(){
 134              		.loc 1 30 18 is_stmt 1 view -0
 135              		.cfi_startproc
 136              		@ args = 0, pretend = 0, frame = 0
 137              		@ frame_needed = 0, uses_anonymous_args = 0
 138 0000 08B5     		push	{r3, lr}
 139              		.cfi_def_cfa_offset 8
 140              		.cfi_offset 3, -8
 141              		.cfi_offset 14, -4
  31:Core/Src/Pots.c ****   setNumber(POTS[potToDisplay]*100/4095);
 142              		.loc 1 31 3 view .LVU23
 143              		.loc 1 31 17 is_stmt 0 view .LVU24
ARM GAS  C:\Temp\cc6NmQOA.s 			page 4


 144 0002 084B     		ldr	r3, .L7
 145 0004 B3F90020 		ldrsh	r2, [r3]
 146 0008 074B     		ldr	r3, .L7+4
 147 000a 33F81230 		ldrh	r3, [r3, r2, lsl #1]
 148              		.loc 1 31 31 view .LVU25
 149 000e 6422     		movs	r2, #100
 150 0010 02FB03F3 		mul	r3, r2, r3
 151              		.loc 1 31 3 view .LVU26
 152 0014 0548     		ldr	r0, .L7+8
 153 0016 80FB0320 		smull	r2, r0, r0, r3
 154 001a 1844     		add	r0, r0, r3
 155 001c C012     		asrs	r0, r0, #11
 156 001e FFF7FEFF 		bl	setNumber
 157              	.LVL4:
  32:Core/Src/Pots.c **** }
 158              		.loc 1 32 1 view .LVU27
 159 0022 08BD     		pop	{r3, pc}
 160              	.L8:
 161              		.align	2
 162              	.L7:
 163 0024 00000000 		.word	potToDisplay
 164 0028 00000000 		.word	POTS
 165 002c 81000880 		.word	-2146959231
 166              		.cfi_endproc
 167              	.LFE236:
 169              		.section	.text.doBoth,"ax",%progbits
 170              		.align	1
 171              		.global	doBoth
 172              		.syntax unified
 173              		.thumb
 174              		.thumb_func
 176              	doBoth:
 177              	.LFB237:
  33:Core/Src/Pots.c **** 
  34:Core/Src/Pots.c **** void doBoth(){
 178              		.loc 1 34 14 is_stmt 1 view -0
 179              		.cfi_startproc
 180              		@ args = 0, pretend = 0, frame = 0
 181              		@ frame_needed = 0, uses_anonymous_args = 0
 182 0000 08B5     		push	{r3, lr}
 183              		.cfi_def_cfa_offset 8
 184              		.cfi_offset 3, -8
 185              		.cfi_offset 14, -4
  35:Core/Src/Pots.c ****   refreshPixels();
 186              		.loc 1 35 3 view .LVU29
 187 0002 FFF7FEFF 		bl	refreshPixels
 188              	.LVL5:
  36:Core/Src/Pots.c ****   displayPot();
 189              		.loc 1 36 3 view .LVU30
 190 0006 FFF7FEFF 		bl	displayPot
 191              	.LVL6:
  37:Core/Src/Pots.c **** }
 192              		.loc 1 37 1 is_stmt 0 view .LVU31
 193 000a 08BD     		pop	{r3, pc}
 194              		.cfi_endproc
 195              	.LFE237:
 197              		.section	.text.init_POTs,"ax",%progbits
ARM GAS  C:\Temp\cc6NmQOA.s 			page 5


 198              		.align	1
 199              		.global	init_POTs
 200              		.syntax unified
 201              		.thumb
 202              		.thumb_func
 204              	init_POTs:
 205              	.LVL7:
 206              	.LFB238:
  38:Core/Src/Pots.c **** 
  39:Core/Src/Pots.c **** void init_POTs(int mode){
 207              		.loc 1 39 25 is_stmt 1 view -0
 208              		.cfi_startproc
 209              		@ args = 0, pretend = 0, frame = 0
 210              		@ frame_needed = 0, uses_anonymous_args = 0
 211              		.loc 1 39 25 is_stmt 0 view .LVU33
 212 0000 38B5     		push	{r3, r4, r5, lr}
 213              		.cfi_def_cfa_offset 16
 214              		.cfi_offset 3, -16
 215              		.cfi_offset 4, -12
 216              		.cfi_offset 5, -8
 217              		.cfi_offset 14, -4
 218 0002 0446     		mov	r4, r0
  40:Core/Src/Pots.c ****     HAL_ADC_Start_DMA(&hadc1, (uint32_t*)POTS, ADC_CHANNEL_NUM);
 219              		.loc 1 40 5 is_stmt 1 view .LVU34
 220 0004 0422     		movs	r2, #4
 221 0006 1949     		ldr	r1, .L19
 222 0008 1948     		ldr	r0, .L19+4
 223              	.LVL8:
 224              		.loc 1 40 5 is_stmt 0 view .LVU35
 225 000a FFF7FEFF 		bl	HAL_ADC_Start_DMA
 226              	.LVL9:
  41:Core/Src/Pots.c **** 
  42:Core/Src/Pots.c ****     if (mode == WITH_NEOPIXELS){
 227              		.loc 1 42 5 is_stmt 1 view .LVU36
 228              		.loc 1 42 8 is_stmt 0 view .LVU37
 229 000e 012C     		cmp	r4, #1
 230 0010 04D0     		beq	.L16
 231              	.L12:
  43:Core/Src/Pots.c ****       HAL_TIM_Base_Stop_IT(&htim5);
  44:Core/Src/Pots.c ****       HAL_TIM_RegisterCallback(&htim5, HAL_TIM_PERIOD_ELAPSED_CB_ID, refreshPixels);
  45:Core/Src/Pots.c ****       HAL_TIM_Base_Start_IT(&htim5);
  46:Core/Src/Pots.c ****     }
  47:Core/Src/Pots.c ****     if (mode == WITH_DISPLAY){
 232              		.loc 1 47 5 is_stmt 1 view .LVU38
 233              		.loc 1 47 8 is_stmt 0 view .LVU39
 234 0012 022C     		cmp	r4, #2
 235 0014 0FD0     		beq	.L17
 236              	.L13:
  48:Core/Src/Pots.c ****       HAL_TIM_Base_Stop_IT(&htim5);
  49:Core/Src/Pots.c ****       HAL_TIM_RegisterCallback(&htim5, HAL_TIM_PERIOD_ELAPSED_CB_ID, displayPot);
  50:Core/Src/Pots.c ****       HAL_TIM_Base_Start_IT(&htim5);
  51:Core/Src/Pots.c ****     }
  52:Core/Src/Pots.c ****     if (mode == WITH_NEOPIXELS_AND_DISPLAY){
 237              		.loc 1 52 5 is_stmt 1 view .LVU40
 238              		.loc 1 52 8 is_stmt 0 view .LVU41
 239 0016 032C     		cmp	r4, #3
 240 0018 1AD0     		beq	.L18
ARM GAS  C:\Temp\cc6NmQOA.s 			page 6


 241              	.LVL10:
 242              	.L11:
  53:Core/Src/Pots.c ****       HAL_TIM_Base_Stop_IT(&htim5);
  54:Core/Src/Pots.c ****       HAL_TIM_RegisterCallback(&htim5, HAL_TIM_PERIOD_ELAPSED_CB_ID, doBoth);
  55:Core/Src/Pots.c ****       HAL_TIM_Base_Start_IT(&htim5);
  56:Core/Src/Pots.c ****     }
  57:Core/Src/Pots.c **** }
 243              		.loc 1 57 1 view .LVU42
 244 001a 38BD     		pop	{r3, r4, r5, pc}
 245              	.LVL11:
 246              	.L16:
  43:Core/Src/Pots.c ****       HAL_TIM_RegisterCallback(&htim5, HAL_TIM_PERIOD_ELAPSED_CB_ID, refreshPixels);
 247              		.loc 1 43 7 is_stmt 1 view .LVU43
 248 001c 154D     		ldr	r5, .L19+8
 249 001e 2846     		mov	r0, r5
 250 0020 FFF7FEFF 		bl	HAL_TIM_Base_Stop_IT
 251              	.LVL12:
  44:Core/Src/Pots.c ****       HAL_TIM_Base_Start_IT(&htim5);
 252              		.loc 1 44 7 view .LVU44
 253 0024 144A     		ldr	r2, .L19+12
 254 0026 0E21     		movs	r1, #14
 255 0028 2846     		mov	r0, r5
 256 002a FFF7FEFF 		bl	HAL_TIM_RegisterCallback
 257              	.LVL13:
  45:Core/Src/Pots.c ****     }
 258              		.loc 1 45 7 view .LVU45
 259 002e 2846     		mov	r0, r5
 260 0030 FFF7FEFF 		bl	HAL_TIM_Base_Start_IT
 261              	.LVL14:
 262 0034 EDE7     		b	.L12
 263              	.L17:
  48:Core/Src/Pots.c ****       HAL_TIM_RegisterCallback(&htim5, HAL_TIM_PERIOD_ELAPSED_CB_ID, displayPot);
 264              		.loc 1 48 7 view .LVU46
 265 0036 0F4D     		ldr	r5, .L19+8
 266 0038 2846     		mov	r0, r5
 267 003a FFF7FEFF 		bl	HAL_TIM_Base_Stop_IT
 268              	.LVL15:
  49:Core/Src/Pots.c ****       HAL_TIM_Base_Start_IT(&htim5);
 269              		.loc 1 49 7 view .LVU47
 270 003e 0F4A     		ldr	r2, .L19+16
 271 0040 0E21     		movs	r1, #14
 272 0042 2846     		mov	r0, r5
 273 0044 FFF7FEFF 		bl	HAL_TIM_RegisterCallback
 274              	.LVL16:
  50:Core/Src/Pots.c ****     }
 275              		.loc 1 50 7 view .LVU48
 276 0048 2846     		mov	r0, r5
 277 004a FFF7FEFF 		bl	HAL_TIM_Base_Start_IT
 278              	.LVL17:
 279 004e E2E7     		b	.L13
 280              	.L18:
  53:Core/Src/Pots.c ****       HAL_TIM_RegisterCallback(&htim5, HAL_TIM_PERIOD_ELAPSED_CB_ID, doBoth);
 281              		.loc 1 53 7 view .LVU49
 282 0050 084C     		ldr	r4, .L19+8
 283              	.LVL18:
  53:Core/Src/Pots.c ****       HAL_TIM_RegisterCallback(&htim5, HAL_TIM_PERIOD_ELAPSED_CB_ID, doBoth);
 284              		.loc 1 53 7 is_stmt 0 view .LVU50
ARM GAS  C:\Temp\cc6NmQOA.s 			page 7


 285 0052 2046     		mov	r0, r4
 286 0054 FFF7FEFF 		bl	HAL_TIM_Base_Stop_IT
 287              	.LVL19:
  54:Core/Src/Pots.c ****       HAL_TIM_Base_Start_IT(&htim5);
 288              		.loc 1 54 7 is_stmt 1 view .LVU51
 289 0058 094A     		ldr	r2, .L19+20
 290 005a 0E21     		movs	r1, #14
 291 005c 2046     		mov	r0, r4
 292 005e FFF7FEFF 		bl	HAL_TIM_RegisterCallback
 293              	.LVL20:
  55:Core/Src/Pots.c ****     }
 294              		.loc 1 55 7 view .LVU52
 295 0062 2046     		mov	r0, r4
 296 0064 FFF7FEFF 		bl	HAL_TIM_Base_Start_IT
 297              	.LVL21:
 298              		.loc 1 57 1 is_stmt 0 view .LVU53
 299 0068 D7E7     		b	.L11
 300              	.L20:
 301 006a 00BF     		.align	2
 302              	.L19:
 303 006c 00000000 		.word	POTS
 304 0070 00000000 		.word	hadc1
 305 0074 00000000 		.word	htim5
 306 0078 00000000 		.word	refreshPixels
 307 007c 00000000 		.word	displayPot
 308 0080 00000000 		.word	doBoth
 309              		.cfi_endproc
 310              	.LFE238:
 312              		.section	.text.setPotToDisplay,"ax",%progbits
 313              		.align	1
 314              		.global	setPotToDisplay
 315              		.syntax unified
 316              		.thumb
 317              		.thumb_func
 319              	setPotToDisplay:
 320              	.LVL22:
 321              	.LFB239:
  58:Core/Src/Pots.c **** 
  59:Core/Src/Pots.c **** void setPotToDisplay(int potNumber){
 322              		.loc 1 59 36 is_stmt 1 view -0
 323              		.cfi_startproc
 324              		@ args = 0, pretend = 0, frame = 0
 325              		@ frame_needed = 0, uses_anonymous_args = 0
 326              		@ link register save eliminated.
  60:Core/Src/Pots.c ****   potToDisplay = potNumber;
 327              		.loc 1 60 3 view .LVU55
 328              		.loc 1 60 16 is_stmt 0 view .LVU56
 329 0000 014B     		ldr	r3, .L22
 330 0002 1880     		strh	r0, [r3]	@ movhi
  61:Core/Src/Pots.c **** }
 331              		.loc 1 61 1 view .LVU57
 332 0004 7047     		bx	lr
 333              	.L23:
 334 0006 00BF     		.align	2
 335              	.L22:
 336 0008 00000000 		.word	potToDisplay
 337              		.cfi_endproc
ARM GAS  C:\Temp\cc6NmQOA.s 			page 8


 338              	.LFE239:
 340              		.global	potToDisplay
 341              		.section	.bss.potToDisplay,"aw",%nobits
 342              		.align	1
 345              	potToDisplay:
 346 0000 0000     		.space	2
 347              		.text
 348              	.Letext0:
 349              		.file 2 "c:\\users\\jessejabezarendse\\appdata\\roaming\\code\\user\\globalstorage\\bmd.stm32-for-
 350              		.file 3 "c:\\users\\jessejabezarendse\\appdata\\roaming\\code\\user\\globalstorage\\bmd.stm32-for-
 351              		.file 4 "Drivers/CMSIS/Device/ST/STM32F4xx/Include/stm32f407xx.h"
 352              		.file 5 "Drivers/CMSIS/Device/ST/STM32F4xx/Include/stm32f4xx.h"
 353              		.file 6 "Drivers/STM32F4xx_HAL_Driver/Inc/stm32f4xx_hal_def.h"
 354              		.file 7 "Drivers/STM32F4xx_HAL_Driver/Inc/stm32f4xx_hal_dma.h"
 355              		.file 8 "Drivers/STM32F4xx_HAL_Driver/Inc/stm32f4xx_hal_adc.h"
 356              		.file 9 "Drivers/STM32F4xx_HAL_Driver/Inc/stm32f4xx_hal_tim.h"
ARM GAS  C:\Temp\cc6NmQOA.s 			page 9


DEFINED SYMBOLS
                            *ABS*:00000000 Pots.c
  C:\Temp\cc6NmQOA.s:21     .text.refreshPixels:00000000 $t
  C:\Temp\cc6NmQOA.s:27     .text.refreshPixels:00000000 refreshPixels
  C:\Temp\cc6NmQOA.s:120    .text.refreshPixels:00000098 $d
  C:\Temp\cc6NmQOA.s:126    .text.displayPot:00000000 $t
  C:\Temp\cc6NmQOA.s:132    .text.displayPot:00000000 displayPot
  C:\Temp\cc6NmQOA.s:163    .text.displayPot:00000024 $d
  C:\Temp\cc6NmQOA.s:345    .bss.potToDisplay:00000000 potToDisplay
  C:\Temp\cc6NmQOA.s:170    .text.doBoth:00000000 $t
  C:\Temp\cc6NmQOA.s:176    .text.doBoth:00000000 doBoth
  C:\Temp\cc6NmQOA.s:198    .text.init_POTs:00000000 $t
  C:\Temp\cc6NmQOA.s:204    .text.init_POTs:00000000 init_POTs
  C:\Temp\cc6NmQOA.s:303    .text.init_POTs:0000006c $d
  C:\Temp\cc6NmQOA.s:313    .text.setPotToDisplay:00000000 $t
  C:\Temp\cc6NmQOA.s:319    .text.setPotToDisplay:00000000 setPotToDisplay
  C:\Temp\cc6NmQOA.s:336    .text.setPotToDisplay:00000008 $d
  C:\Temp\cc6NmQOA.s:342    .bss.potToDisplay:00000000 $d

UNDEFINED SYMBOLS
set_RGB
POTS
setNumber
HAL_ADC_Start_DMA
HAL_TIM_Base_Stop_IT
HAL_TIM_RegisterCallback
HAL_TIM_Base_Start_IT
hadc1
htim5
